Build started 2014-10-22 15:29:25.
     1>Project "F:\C++\App2\App2\App2.Windows\App2.Windows.vcxproj" on node 2 (Build target(s)).
     1>ClCompile:
         E:\Visual Studio 2013\VC\bin\CL.exe /c /IF:\C++\App2\App2\App2.Windows\ /I"Generated Files\\" /IDebug\ /IF:\C++\App2\App2\App2.Shared\ /ZI /ZW /ZW:nostdlib /nologo /W3 /WX- /sdl /MP /Od /Oy- /D _UNICODE /D UNICODE /D _DEBUG /D WINAPI_FAMILY=WINAPI_FAMILY_APP /Gm- /EHsc /RTC1 /MDd /GS /fp:precise /Zc:wchar_t /Zc:forScope /Yu"pch.h" /Fp"Debug\App2.Windows.pch" /Fo"Debug\\" /Fd"Debug\vc120.pdb" /Gd /TP /wd4453 /wd28204 /FU"C:\Program Files (x86)\Microsoft SDKs\Windows\v8.1\ExtensionSDKs\Microsoft.VCLibs\12.0\References\CommonConfiguration\neutral\platform.winmd" /FU"C:\Program Files (x86)\Windows Kits\8.1\References\CommonConfiguration\Neutral\Windows.winmd" /FU"C:\Program Files (x86)\Windows Kits\8.1\References\CommonConfiguration\Neutral\Windows.winmd" /analyze- /errorReport:prompt /bigobj MainPage.xaml.cpp
         MainPage.xaml.cpp
       CreateWinMD:
         E:\Visual Studio 2013\VC\bin\link.exe /ERRORREPORT:PROMPT /OUT:"F:\C++\App2\Debug\App2.Windows\App2.Windows.exe" /INCREMENTAL /NOLOGO kernel32.lib /MANIFEST:NO /DEBUG /PDB:"F:\C++\App2\Debug\App2.Windows\App2.Windows.pdb" /SUBSYSTEM:WINDOWS /TLBID:1 /APPCONTAINER /WINMD:ONLY /WINMDFILE:"F:\C++\App2\Debug\App2.Windows\App2.winmd" /DYNAMICBASE /NXCOMPAT /MACHINE:X86 Debug\App.xaml.obj
         Debug\pch.obj
         Debug\MainPage.xaml.obj
         Debug\XamlTypeInfo.Impl.g.obj
       Link:
         E:\Visual Studio 2013\VC\bin\link.exe /ERRORREPORT:PROMPT /OUT:"F:\C++\App2\Debug\App2.Windows\App2.Windows.exe" /INCREMENTAL /NOLOGO kernel32.lib /MANIFEST:NO /DEBUG /PDB:"F:\C++\App2\Debug\App2.Windows\App2.Windows.pdb" /SUBSYSTEM:WINDOWS /TLBID:1 /APPCONTAINER /WINMD:NO /WINMDFILE:"F:\C++\App2\Debug\App2.Windows\App2.winmd" /DYNAMICBASE /NXCOMPAT /MACHINE:X86 Debug\App.xaml.obj
         Debug\pch.obj
         Debug\MainPage.xaml.obj
         Debug\XamlTypeInfo.Impl.g.obj
         Debug\XamlTypeInfo.g.obj
            Creating library F:\C++\App2\Debug\App2.Windows\App2.Windows.lib and object F:\C++\App2\Debug\App2.Windows\App2.Windows.exp
         App2.Windows.vcxproj -> F:\C++\App2\Debug\App2.Windows\App2.Windows.exe
     1>Done Building Project "F:\C++\App2\App2\App2.Windows\App2.Windows.vcxproj" (Build target(s)).

Build succeeded.

Time Elapsed 00:00:01.53
